<?xml version="1.0" encoding="UTF-8"?>
<!-- Generated by org.testng.reporters.JUnitReportReporter -->
<testsuite skipped="0" hostname="zhaoguo-pc" name="com.zhaoguom.employee.test.EmployeeServiceTest2" tests="2" failures="0" timestamp="15 Aug 2020 15:19:27 GMT" time="0.250" errors="0">
  <testcase name="TestGet" time="0.183" classname="com.zhaoguom.employee.test.EmployeeServiceTest2"/>
  <testcase name="testCreateEmployee" time="0.067" classname="com.zhaoguom.employee.test.EmployeeServiceTest2"/>
</testsuite> <!-- com.zhaoguom.employee.test.EmployeeServiceTest2 -->
