<?xml version="1.0" encoding="UTF-8"?>
<!-- Generated by org.testng.reporters.JUnitReportReporter -->
<testsuite skipped="0" hostname="zhaoguo-pc" name="com.zhaoguom.employee.test.EmployeeServiceTest" tests="1" failures="0" timestamp="15 Aug 2020 14:33:20 GMT" time="2.646" errors="0">
  <testcase name="testCreateEmployee" time="2.646" classname="com.zhaoguom.employee.test.EmployeeServiceTest"/>
</testsuite> <!-- com.zhaoguom.employee.test.EmployeeServiceTest -->
